<?xml version="1.0" encoding="UTF-8"?>
<testsuite name="kr.hs.sdh.workbook2.repository.LotteriaHamburgerRepositoryTest" tests="2" skipped="0" failures="0" errors="0" timestamp="2024-10-30T06:38:30" hostname="YUNJISANG" time="0.021">
  <properties/>
  <testcase name="deleteHamburger()" classname="kr.hs.sdh.workbook2.repository.LotteriaHamburgerRepositoryTest" time="0.019"/>
  <testcase name="saveHamburger()" classname="kr.hs.sdh.workbook2.repository.LotteriaHamburgerRepositoryTest" time="0.001"/>
  <system-out><![CDATA[]]></system-out>
  <system-err><![CDATA[]]></system-err>
</testsuite>
